CRITICAL - 2024-04-12 17:44:34 --> ErrorException: Undefined variable $ubicaciones
[Method: GET, Route: climaByCP]
in APPPATH\Views\datos.php on line 3.
 1 APPPATH\Views\datos.php(3): CodeIgniter\Debug\Exceptions->errorHandler(2, 'Undefined variable $ubicaciones', 'C:\\xampp\\htdocs\\T贸picos2024\\app\\Views\\datos.php', 3)
 2 SYSTEMPATH\View\View.php(234): include('C:\\xampp\\htdocs\\T贸picos2024\\app\\Views\\datos.php')
 3 SYSTEMPATH\View\View.php(237): CodeIgniter\View\View->CodeIgniter\View\{closure}()
 4 SYSTEMPATH\Common.php(1171): CodeIgniter\View\View->render('datos', [], true)
 5 APPPATH\Controllers\Clima.php(22): view('datos', [...])
 6 SYSTEMPATH\CodeIgniter.php(933): App\Controllers\Clima->getClimaByCP()
 7 SYSTEMPATH\CodeIgniter.php(509): CodeIgniter\CodeIgniter->runController(Object(App\Controllers\Clima))
 8 SYSTEMPATH\CodeIgniter.php(355): CodeIgniter\CodeIgniter->handleRequest(null, Object(Config\Cache), false)
 9 SYSTEMPATH\Boot.php(312): CodeIgniter\CodeIgniter->run()
10 SYSTEMPATH\Boot.php(67): CodeIgniter\Boot::runCodeIgniter(Object(CodeIgniter\CodeIgniter))
11 FCPATH\index.php(56): CodeIgniter\Boot::bootWeb(Object(Config\Paths))
12 SYSTEMPATH\Commands\Server\rewrite.php(49): require_once('C:\\xampp\\htdocs\\T贸picos2024\\public\\index.php')
CRITICAL - 2024-04-12 18:48:53 --> CodeIgniter\View\Exceptions\ViewException: Invalid file: "climaByFechas.php"
[Method: GET, Route: climaByFechas]
in SYSTEMPATH\Exceptions\FrameworkException.php on line 41.
 1 SYSTEMPATH\View\View.php(222): CodeIgniter\Exceptions\FrameworkException::forInvalidFile('climaByFechas.php')
 2 SYSTEMPATH\Common.php(1171): CodeIgniter\View\View->render('climaByFechas', [], true)
 3 APPPATH\Controllers\Clima.php(26): view('climaByFechas', [...])
 4 SYSTEMPATH\CodeIgniter.php(933): App\Controllers\Clima->getClimaByFechas()
 5 SYSTEMPATH\CodeIgniter.php(509): CodeIgniter\CodeIgniter->runController(Object(App\Controllers\Clima))
 6 SYSTEMPATH\CodeIgniter.php(355): CodeIgniter\CodeIgniter->handleRequest(null, Object(Config\Cache), false)
 7 SYSTEMPATH\Boot.php(312): CodeIgniter\CodeIgniter->run()
 8 SYSTEMPATH\Boot.php(67): CodeIgniter\Boot::runCodeIgniter(Object(CodeIgniter\CodeIgniter))
 9 FCPATH\index.php(56): CodeIgniter\Boot::bootWeb(Object(Config\Paths))
10 SYSTEMPATH\Commands\Server\rewrite.php(49): require_once('C:\\xampp\\htdocs\\T贸picos2024\\public\\index.php')
